
*** Running vivado
    with args -log sobel_top.vds -m64 -product Vivado -mode batch -messageDb vivado.pb -notrace -source sobel_top.tcl



****** Vivado v2023.2 (64-bit)
  **** SW Build 4029153 on Fri Oct 13 20:14:34 MDT 2023
  **** IP Build 4028589 on Sat Oct 14 00:45:43 MDT 2023
  **** SharedData Build 4025554 on Tue Oct 10 17:18:54 MDT 2023
    ** Copyright 1986-2022 Xilinx, Inc. All Rights Reserved.
    ** Copyright 2022-2023 Advanced Micro Devices, Inc. All Rights Reserved.

source sobel_top.tcl -notrace
create_project: Time (s): cpu = 00:00:07 ; elapsed = 00:00:07 . Memory (MB): peak = 583.031 ; gain = 214.871
Command: read_checkpoint -auto_incremental -incremental C:/Users/omer/ee562labs/sobel/sobel.srcs/utils_1/imports/synth_1/sobel_top.dcp
INFO: [Vivado 12-5825] Read reference checkpoint from C:/Users/omer/ee562labs/sobel/sobel.srcs/utils_1/imports/synth_1/sobel_top.dcp for incremental synthesis
INFO: [Vivado 12-7989] Please ensure there are no constraint changes
Command: synth_design -top sobel_top -part xc7a35tcpg236-1
Starting synth_design
Attempting to get a license for feature 'Synthesis' and/or device 'xc7a35t'
INFO: [Common 17-349] Got license for feature 'Synthesis' and/or device 'xc7a35t'
INFO: [Device 21-403] Loading part xc7a35tcpg236-1
INFO: [Designutils 20-5440] No compile time benefit to using incremental synthesis; A full resynthesis will be run
INFO: [Designutils 20-4379] Flow is switching to default flow due to incremental criteria not met. If you would like to alter this behaviour and have the flow terminate instead, please set the following parameter config_implementation {autoIncr.Synth.RejectBehavior Terminate}
INFO: [Synth 8-7079] Multithreading enabled for synth_design using a maximum of 2 processes.
INFO: [Synth 8-7078] Launching helper process for spawning children vivado processes
INFO: [Synth 8-7075] Helper process launched with PID 18716
---------------------------------------------------------------------------------
Starting RTL Elaboration : Time (s): cpu = 00:00:03 ; elapsed = 00:00:04 . Memory (MB): peak = 1420.469 ; gain = 441.016
---------------------------------------------------------------------------------
INFO: [Synth 8-6157] synthesizing module 'sobel_top' [C:/Users/omer/Desktop/YL/BirinciDonemDersler/EE562-HDLBasedDigitalDesign/sobel/rtl/sobel_top.sv:1]
INFO: [Synth 8-6157] synthesizing module 'sobel_exc' [C:/Users/omer/Desktop/YL/BirinciDonemDersler/EE562-HDLBasedDigitalDesign/sobel/rtl/sobel_exc.sv:5]
INFO: [Synth 8-6155] done synthesizing module 'sobel_exc' (0#1) [C:/Users/omer/Desktop/YL/BirinciDonemDersler/EE562-HDLBasedDigitalDesign/sobel/rtl/sobel_exc.sv:5]
INFO: [Synth 8-6157] synthesizing module 'input_memory' [C:/Users/omer/Desktop/YL/BirinciDonemDersler/EE562-HDLBasedDigitalDesign/sobel/rtl/memory.sv:5]
WARNING: [Synth 8-11581] system function call 'fopen' not supported [C:/Users/omer/Desktop/YL/BirinciDonemDersler/EE562-HDLBasedDigitalDesign/sobel/rtl/memory.sv:21]
INFO: [Synth 8-3876] $readmem data file 'C:/Users/omer/Desktop/YL/BirinciDonemDersler/EE562-HDLBasedDigitalDesign/sobel/src/lena_hex.txt' is read successfully [C:/Users/omer/Desktop/YL/BirinciDonemDersler/EE562-HDLBasedDigitalDesign/sobel/rtl/memory.sv:24]
INFO: [Synth 8-251] memory[0] = xx [C:/Users/omer/Desktop/YL/BirinciDonemDersler/EE562-HDLBasedDigitalDesign/sobel/rtl/memory.sv:27]
INFO: [Synth 8-251] memory[1] = xx [C:/Users/omer/Desktop/YL/BirinciDonemDersler/EE562-HDLBasedDigitalDesign/sobel/rtl/memory.sv:27]
INFO: [Synth 8-251] memory[2] = xx [C:/Users/omer/Desktop/YL/BirinciDonemDersler/EE562-HDLBasedDigitalDesign/sobel/rtl/memory.sv:27]
INFO: [Synth 8-251] memory[3] = xx [C:/Users/omer/Desktop/YL/BirinciDonemDersler/EE562-HDLBasedDigitalDesign/sobel/rtl/memory.sv:27]
INFO: [Synth 8-251] memory[4] = xx [C:/Users/omer/Desktop/YL/BirinciDonemDersler/EE562-HDLBasedDigitalDesign/sobel/rtl/memory.sv:27]
INFO: [Synth 8-6155] done synthesizing module 'input_memory' (0#1) [C:/Users/omer/Desktop/YL/BirinciDonemDersler/EE562-HDLBasedDigitalDesign/sobel/rtl/memory.sv:5]
INFO: [Synth 8-6157] synthesizing module 'output_memory' [C:/Users/omer/Desktop/YL/BirinciDonemDersler/EE562-HDLBasedDigitalDesign/sobel/rtl/memory.sv:38]
INFO: [Synth 8-6155] done synthesizing module 'output_memory' (0#1) [C:/Users/omer/Desktop/YL/BirinciDonemDersler/EE562-HDLBasedDigitalDesign/sobel/rtl/memory.sv:38]
INFO: [Synth 8-6155] done synthesizing module 'sobel_top' (0#1) [C:/Users/omer/Desktop/YL/BirinciDonemDersler/EE562-HDLBasedDigitalDesign/sobel/rtl/sobel_top.sv:1]
---------------------------------------------------------------------------------
Finished RTL Elaboration : Time (s): cpu = 00:00:05 ; elapsed = 00:00:06 . Memory (MB): peak = 1565.879 ; gain = 586.426
---------------------------------------------------------------------------------
---------------------------------------------------------------------------------
Start Handling Custom Attributes
---------------------------------------------------------------------------------
---------------------------------------------------------------------------------
Finished Handling Custom Attributes : Time (s): cpu = 00:00:05 ; elapsed = 00:00:06 . Memory (MB): peak = 1565.879 ; gain = 586.426
---------------------------------------------------------------------------------
---------------------------------------------------------------------------------
Finished RTL Optimization Phase 1 : Time (s): cpu = 00:00:05 ; elapsed = 00:00:06 . Memory (MB): peak = 1565.879 ; gain = 586.426
---------------------------------------------------------------------------------
Netlist sorting complete. Time (s): cpu = 00:00:00 ; elapsed = 00:00:00.007 . Memory (MB): peak = 1565.879 ; gain = 0.000
INFO: [Project 1-570] Preparing netlist for logic optimization

Processing XDC Constraints
Initializing timing engine
Parsing XDC File [C:/Users/omer/Desktop/YL/BirinciDonemDersler/EE562-HDLBasedDigitalDesign/sobel/src/vivado/constraint_sobel.xdc]
Finished Parsing XDC File [C:/Users/omer/Desktop/YL/BirinciDonemDersler/EE562-HDLBasedDigitalDesign/sobel/src/vivado/constraint_sobel.xdc]
INFO: [Project 1-236] Implementation specific constraints were found while reading constraint file [C:/Users/omer/Desktop/YL/BirinciDonemDersler/EE562-HDLBasedDigitalDesign/sobel/src/vivado/constraint_sobel.xdc]. These constraints will be ignored for synthesis but will be used in implementation. Impacted constraints are listed in the file [.Xil/sobel_top_propImpl.xdc].
Resolution: To avoid this warning, move constraints listed in [.Xil/sobel_top_propImpl.xdc] to another XDC file and exclude this new file from synthesis with the used_in_synthesis property (File Properties dialog in GUI) and re-run elaboration/synthesis.
Completed Processing XDC Constraints

Netlist sorting complete. Time (s): cpu = 00:00:00 ; elapsed = 00:00:00.001 . Memory (MB): peak = 1658.891 ; gain = 0.000
INFO: [Project 1-111] Unisim Transformation Summary:
No Unisim elements were transformed.

The system cannot find the path specified.
Constraint Validation Runtime : Time (s): cpu = 00:00:00 ; elapsed = 00:00:00.004 . Memory (MB): peak = 1658.891 ; gain = 0.000
INFO: [Designutils 20-5440] No compile time benefit to using incremental synthesis; A full resynthesis will be run
INFO: [Designutils 20-4379] Flow is switching to default flow due to incremental criteria not met. If you would like to alter this behaviour and have the flow terminate instead, please set the following parameter config_implementation {autoIncr.Synth.RejectBehavior Terminate}
---------------------------------------------------------------------------------
Finished Constraint Validation : Time (s): cpu = 00:00:11 ; elapsed = 00:00:12 . Memory (MB): peak = 1658.891 ; gain = 679.438
---------------------------------------------------------------------------------
---------------------------------------------------------------------------------
Start Loading Part and Timing Information
---------------------------------------------------------------------------------
Loading part: xc7a35tcpg236-1
---------------------------------------------------------------------------------
Finished Loading Part and Timing Information : Time (s): cpu = 00:00:11 ; elapsed = 00:00:12 . Memory (MB): peak = 1658.891 ; gain = 679.438
---------------------------------------------------------------------------------
---------------------------------------------------------------------------------
Start Applying 'set_property' XDC Constraints
---------------------------------------------------------------------------------
---------------------------------------------------------------------------------
Finished applying 'set_property' XDC Constraints : Time (s): cpu = 00:00:11 ; elapsed = 00:00:12 . Memory (MB): peak = 1658.891 ; gain = 679.438
---------------------------------------------------------------------------------
INFO: [Synth 8-802] inferred FSM for state register 'state_reg' in module 'sobel_exc'
---------------------------------------------------------------------------------
Finished RTL Optimization Phase 2 : Time (s): cpu = 00:00:11 ; elapsed = 00:00:13 . Memory (MB): peak = 1658.891 ; gain = 679.438
---------------------------------------------------------------------------------
---------------------------------------------------------------------------------
Start RTL Component Statistics 
---------------------------------------------------------------------------------
Detailed RTL Component Info : 
+---Adders : 
	   2 Input   16 Bit       Adders := 6     
	   4 Input   12 Bit       Adders := 1     
	   2 Input    8 Bit       Adders := 4     
	   2 Input    3 Bit       Adders := 2     
+---Registers : 
	               16 Bit    Registers := 4     
	               12 Bit    Registers := 4     
	                8 Bit    Registers := 5     
	                3 Bit    Registers := 2     
	                1 Bit    Registers := 7     
+---RAMs : 
	             512K Bit	(65536 X 8 bit)          RAMs := 2     
+---Muxes : 
	   2 Input   16 Bit        Muxes := 16    
	   3 Input   16 Bit        Muxes := 3     
	   4 Input   16 Bit        Muxes := 4     
	   5 Input   16 Bit        Muxes := 1     
	   6 Input   16 Bit        Muxes := 1     
	   2 Input   12 Bit        Muxes := 6     
	   4 Input   12 Bit        Muxes := 2     
	   3 Input    8 Bit        Muxes := 1     
	   4 Input    8 Bit        Muxes := 1     
	   3 Input    4 Bit        Muxes := 2     
	   5 Input    3 Bit        Muxes := 1     
	   2 Input    3 Bit        Muxes := 2     
	   3 Input    3 Bit        Muxes := 2     
	   4 Input    3 Bit        Muxes := 2     
	   4 Input    2 Bit        Muxes := 2     
	   5 Input    2 Bit        Muxes := 2     
	   3 Input    2 Bit        Muxes := 4     
	   2 Input    2 Bit        Muxes := 3     
	   2 Input    1 Bit        Muxes := 17    
	   4 Input    1 Bit        Muxes := 23    
	   3 Input    1 Bit        Muxes := 7     
	   5 Input    1 Bit        Muxes := 1     
---------------------------------------------------------------------------------
Finished RTL Component Statistics 
---------------------------------------------------------------------------------
---------------------------------------------------------------------------------
Start Part Resource Summary
---------------------------------------------------------------------------------
Part Resources:
DSPs: 90 (col length:60)
BRAMs: 100 (col length: RAMB18 60 RAMB36 30)
---------------------------------------------------------------------------------
Finished Part Resource Summary
---------------------------------------------------------------------------------
---------------------------------------------------------------------------------
Start Cross Boundary and Area Optimization
---------------------------------------------------------------------------------
WARNING: [Synth 8-7080] Parallel synthesis criteria is not met
---------------------------------------------------------------------------------
Finished Cross Boundary and Area Optimization : Time (s): cpu = 00:00:14 ; elapsed = 00:00:16 . Memory (MB): peak = 1658.891 ; gain = 679.438
---------------------------------------------------------------------------------
---------------------------------------------------------------------------------
Start ROM, RAM, DSP, Shift Register and Retiming Reporting
---------------------------------------------------------------------------------

Block RAM: Preliminary Mapping Report (see note below)
+------------+---------------+------------------------+---+---+------------------------+---+---+------------------+--------+--------+
|Module Name | RTL Object    | PORT A (Depth x Width) | W | R | PORT B (Depth x Width) | W | R | Ports driving FF | RAMB18 | RAMB36 | 
+------------+---------------+------------------------+---+---+------------------------+---+---+------------------+--------+--------+
|sobel_top   | i_mem/mem_reg | 64 K x 8(READ_FIRST)   | W | R |                        |   |   | Port A           | 0      | 16     | 
|sobel_top   | o_mem/mem_reg | 64 K x 8(READ_FIRST)   | W | R |                        |   |   | Port A           | 0      | 16     | 
+------------+---------------+------------------------+---+---+------------------------+---+---+------------------+--------+--------+

Note: The table above is a preliminary report that shows the Block RAMs at the current stage of the synthesis flow. Some Block RAMs may be reimplemented as non Block RAM primitives later in the synthesis flow. Multiple instantiated Block RAMs are reported only once. 
---------------------------------------------------------------------------------
Finished ROM, RAM, DSP, Shift Register and Retiming Reporting
---------------------------------------------------------------------------------
---------------------------------------------------------------------------------
Start Applying XDC Timing Constraints
---------------------------------------------------------------------------------
---------------------------------------------------------------------------------
Finished Applying XDC Timing Constraints : Time (s): cpu = 00:00:18 ; elapsed = 00:00:20 . Memory (MB): peak = 1658.891 ; gain = 679.438
---------------------------------------------------------------------------------
---------------------------------------------------------------------------------
Start Timing Optimization
---------------------------------------------------------------------------------
---------------------------------------------------------------------------------
Finished Timing Optimization : Time (s): cpu = 00:00:19 ; elapsed = 00:00:21 . Memory (MB): peak = 1658.891 ; gain = 679.438
---------------------------------------------------------------------------------
---------------------------------------------------------------------------------
Start ROM, RAM, DSP, Shift Register and Retiming Reporting
---------------------------------------------------------------------------------

Block RAM: Final Mapping Report
+------------+---------------+------------------------+---+---+------------------------+---+---+------------------+--------+--------+
|Module Name | RTL Object    | PORT A (Depth x Width) | W | R | PORT B (Depth x Width) | W | R | Ports driving FF | RAMB18 | RAMB36 | 
+------------+---------------+------------------------+---+---+------------------------+---+---+------------------+--------+--------+
|sobel_top   | i_mem/mem_reg | 64 K x 8(READ_FIRST)   | W | R |                        |   |   | Port A           | 0      | 16     | 
|sobel_top   | o_mem/mem_reg | 64 K x 8(READ_FIRST)   | W | R |                        |   |   | Port A           | 0      | 16     | 
+------------+---------------+------------------------+---+---+------------------------+---+---+------------------+--------+--------+

---------------------------------------------------------------------------------
Finished ROM, RAM, DSP, Shift Register and Retiming Reporting
---------------------------------------------------------------------------------
---------------------------------------------------------------------------------
Start Technology Mapping
---------------------------------------------------------------------------------
INFO: [Synth 8-7052] The timing for the instance i_mem/mem_reg_1_0 (implemented as a Block RAM) might be sub-optimal as no optional output register could be merged into the ram block. Providing additional output register may help in improving timing.
INFO: [Synth 8-7052] The timing for the instance i_mem/mem_reg_1_1 (implemented as a Block RAM) might be sub-optimal as no optional output register could be merged into the ram block. Providing additional output register may help in improving timing.
INFO: [Synth 8-7052] The timing for the instance i_mem/mem_reg_1_2 (implemented as a Block RAM) might be sub-optimal as no optional output register could be merged into the ram block. Providing additional output register may help in improving timing.
INFO: [Synth 8-7052] The timing for the instance i_mem/mem_reg_1_3 (implemented as a Block RAM) might be sub-optimal as no optional output register could be merged into the ram block. Providing additional output register may help in improving timing.
INFO: [Synth 8-7052] The timing for the instance i_mem/mem_reg_1_4 (implemented as a Block RAM) might be sub-optimal as no optional output register could be merged into the ram block. Providing additional output register may help in improving timing.
INFO: [Synth 8-7052] The timing for the instance i_mem/mem_reg_1_5 (implemented as a Block RAM) might be sub-optimal as no optional output register could be merged into the ram block. Providing additional output register may help in improving timing.
INFO: [Synth 8-7052] The timing for the instance i_mem/mem_reg_1_6 (implemented as a Block RAM) might be sub-optimal as no optional output register could be merged into the ram block. Providing additional output register may help in improving timing.
INFO: [Synth 8-7052] The timing for the instance i_mem/mem_reg_1_7 (implemented as a Block RAM) might be sub-optimal as no optional output register could be merged into the ram block. Providing additional output register may help in improving timing.
INFO: [Synth 8-7052] The timing for the instance o_mem/mem_reg_1_0 (implemented as a Block RAM) might be sub-optimal as no optional output register could be merged into the ram block. Providing additional output register may help in improving timing.
INFO: [Synth 8-7052] The timing for the instance o_mem/mem_reg_1_1 (implemented as a Block RAM) might be sub-optimal as no optional output register could be merged into the ram block. Providing additional output register may help in improving timing.
INFO: [Synth 8-7052] The timing for the instance o_mem/mem_reg_1_2 (implemented as a Block RAM) might be sub-optimal as no optional output register could be merged into the ram block. Providing additional output register may help in improving timing.
INFO: [Synth 8-7052] The timing for the instance o_mem/mem_reg_1_3 (implemented as a Block RAM) might be sub-optimal as no optional output register could be merged into the ram block. Providing additional output register may help in improving timing.
INFO: [Synth 8-7052] The timing for the instance o_mem/mem_reg_1_4 (implemented as a Block RAM) might be sub-optimal as no optional output register could be merged into the ram block. Providing additional output register may help in improving timing.
INFO: [Synth 8-7052] The timing for the instance o_mem/mem_reg_1_5 (implemented as a Block RAM) might be sub-optimal as no optional output register could be merged into the ram block. Providing additional output register may help in improving timing.
INFO: [Synth 8-7052] The timing for the instance o_mem/mem_reg_1_6 (implemented as a Block RAM) might be sub-optimal as no optional output register could be merged into the ram block. Providing additional output register may help in improving timing.
INFO: [Synth 8-7052] The timing for the instance o_mem/mem_reg_1_7 (implemented as a Block RAM) might be sub-optimal as no optional output register could be merged into the ram block. Providing additional output register may help in improving timing.
---------------------------------------------------------------------------------
Finished Technology Mapping : Time (s): cpu = 00:00:19 ; elapsed = 00:00:21 . Memory (MB): peak = 1658.891 ; gain = 679.438
---------------------------------------------------------------------------------
---------------------------------------------------------------------------------
Start IO Insertion
---------------------------------------------------------------------------------
---------------------------------------------------------------------------------
Start Flattening Before IO Insertion
---------------------------------------------------------------------------------
---------------------------------------------------------------------------------
Finished Flattening Before IO Insertion
---------------------------------------------------------------------------------
---------------------------------------------------------------------------------
Start Final Netlist Cleanup
---------------------------------------------------------------------------------
---------------------------------------------------------------------------------
Finished Final Netlist Cleanup
---------------------------------------------------------------------------------
---------------------------------------------------------------------------------
Finished IO Insertion : Time (s): cpu = 00:00:23 ; elapsed = 00:00:25 . Memory (MB): peak = 1658.891 ; gain = 679.438
---------------------------------------------------------------------------------
---------------------------------------------------------------------------------
Start Renaming Generated Instances
---------------------------------------------------------------------------------
---------------------------------------------------------------------------------
Finished Renaming Generated Instances : Time (s): cpu = 00:00:23 ; elapsed = 00:00:25 . Memory (MB): peak = 1658.891 ; gain = 679.438
---------------------------------------------------------------------------------
---------------------------------------------------------------------------------
Start Rebuilding User Hierarchy
---------------------------------------------------------------------------------
---------------------------------------------------------------------------------
Finished Rebuilding User Hierarchy : Time (s): cpu = 00:00:23 ; elapsed = 00:00:25 . Memory (MB): peak = 1658.891 ; gain = 679.438
---------------------------------------------------------------------------------
---------------------------------------------------------------------------------
Start Renaming Generated Ports
---------------------------------------------------------------------------------
---------------------------------------------------------------------------------
Finished Renaming Generated Ports : Time (s): cpu = 00:00:23 ; elapsed = 00:00:25 . Memory (MB): peak = 1658.891 ; gain = 679.438
---------------------------------------------------------------------------------
---------------------------------------------------------------------------------
Start Handling Custom Attributes
---------------------------------------------------------------------------------
---------------------------------------------------------------------------------
Finished Handling Custom Attributes : Time (s): cpu = 00:00:23 ; elapsed = 00:00:25 . Memory (MB): peak = 1658.891 ; gain = 679.438
---------------------------------------------------------------------------------
---------------------------------------------------------------------------------
Start Renaming Generated Nets
---------------------------------------------------------------------------------
---------------------------------------------------------------------------------
Finished Renaming Generated Nets : Time (s): cpu = 00:00:23 ; elapsed = 00:00:25 . Memory (MB): peak = 1658.891 ; gain = 679.438
---------------------------------------------------------------------------------
---------------------------------------------------------------------------------
Start Writing Synthesis Report
---------------------------------------------------------------------------------

Report BlackBoxes: 
+-+--------------+----------+
| |BlackBox name |Instances |
+-+--------------+----------+
+-+--------------+----------+

Report Cell Usage: 
+------+---------+------+
|      |Cell     |Count |
+------+---------+------+
|1     |BUFG     |     1|
|2     |CARRY4   |    45|
|3     |LUT1     |    35|
|4     |LUT2     |    62|
|5     |LUT3     |    50|
|6     |LUT4     |    88|
|7     |LUT5     |    85|
|8     |LUT6     |   141|
|9     |RAMB36E1 |    32|
|27    |FDRE     |   144|
|28    |IBUF     |    45|
|29    |OBUF     |     9|
+------+---------+------+
---------------------------------------------------------------------------------
Finished Writing Synthesis Report : Time (s): cpu = 00:00:23 ; elapsed = 00:00:25 . Memory (MB): peak = 1658.891 ; gain = 679.438
---------------------------------------------------------------------------------
Synthesis finished with 0 errors, 0 critical warnings and 1 warnings.
Synthesis Optimization Runtime : Time (s): cpu = 00:00:17 ; elapsed = 00:00:23 . Memory (MB): peak = 1658.891 ; gain = 586.426
Synthesis Optimization Complete : Time (s): cpu = 00:00:23 ; elapsed = 00:00:25 . Memory (MB): peak = 1658.891 ; gain = 679.438
INFO: [Project 1-571] Translating synthesized netlist
Netlist sorting complete. Time (s): cpu = 00:00:00 ; elapsed = 00:00:00.007 . Memory (MB): peak = 1658.891 ; gain = 0.000
INFO: [Netlist 29-17] Analyzing 77 Unisim elements for replacement
INFO: [Netlist 29-28] Unisim Transformation completed in 0 CPU seconds
INFO: [Project 1-570] Preparing netlist for logic optimization
INFO: [Opt 31-138] Pushed 0 inverter(s) to 0 load pin(s).
Netlist sorting complete. Time (s): cpu = 00:00:00 ; elapsed = 00:00:00 . Memory (MB): peak = 1658.891 ; gain = 0.000
INFO: [Project 1-111] Unisim Transformation Summary:
No Unisim elements were transformed.

The system cannot find the path specified.
Synth Design complete | Checksum: ab25d6bb
INFO: [Common 17-83] Releasing license: Synthesis
52 Infos, 2 Warnings, 0 Critical Warnings and 0 Errors encountered.
synth_design completed successfully
synth_design: Time (s): cpu = 00:00:27 ; elapsed = 00:00:29 . Memory (MB): peak = 1658.891 ; gain = 1065.707
Write ShapeDB Complete: Time (s): cpu = 00:00:00 ; elapsed = 00:00:00.002 . Memory (MB): peak = 1658.891 ; gain = 0.000
INFO: [Common 17-1381] The checkpoint 'C:/Users/omer/ee562labs/sobel/sobel.runs/synth_1/sobel_top.dcp' has been generated.
INFO: [runtcl-4] Executing : report_utilization -file sobel_top_utilization_synth.rpt -pb sobel_top_utilization_synth.pb
INFO: [Common 17-206] Exiting Vivado at Thu Dec 12 22:32:34 2024...
